info: ::1 - - [23/Jan/2024:04:44:00 +0000] "GET /api/v1/ HTTP/1.1" 200 9 "-" "Mozilla/5.0 (X11; Linux x86_64) AppleWebKit/537.36 (KHTML, like Gecko) Chrome/120.0.0.0 Safari/537.36"

info: ::1 - - [23/Jan/2024:04:44:00 +0000] "GET /favicon.ico HTTP/1.1" 404 47 "-" "Mozilla/5.0 (X11; Linux x86_64) AppleWebKit/537.36 (KHTML, like Gecko) Chrome/120.0.0.0 Safari/537.36"

error: uncaughtException: listen EADDRINUSE: address already in use :::3000
Error: listen EADDRINUSE: address already in use :::3000
    at Server.setupListenHandle [as _listen2] (node:net:1727:16)
    at listenInCluster (node:net:1775:12)
    at Server.listen (node:net:1863:7)
    at Function.listen (/media/arnab/New Volume/JSproject/demo-project/node_modules/express/lib/application.js:635:24)
    at Object.<anonymous> (/media/arnab/New Volume/JSproject/demo-project/src/index.js:37:5)
    at Module._compile (node:internal/modules/cjs/loader:1218:14)
    at Module._compile (/media/arnab/New Volume/JSproject/demo-project/node_modules/pirates/lib/index.js:117:24)
    at Module._extensions..js (node:internal/modules/cjs/loader:1272:10)
    at Object.newLoader [as .js] (/media/arnab/New Volume/JSproject/demo-project/node_modules/pirates/lib/index.js:121:7)
    at Module.load (node:internal/modules/cjs/loader:1081:32)
    at Function.Module._load (node:internal/modules/cjs/loader:922:12)
    at Function.runMain (node:internal/modules/run_main:81:12)
    at Object.<anonymous> (/media/arnab/New Volume/JSproject/demo-project/node_modules/@babel/node/src/_babel-node.ts:222:12)
    at Module._compile (node:internal/modules/cjs/loader:1218:14)
    at Object.Module._extensions..js (node:internal/modules/cjs/loader:1272:10)
    at Module.load (node:internal/modules/cjs/loader:1081:32)
    at Function.Module._load (node:internal/modules/cjs/loader:922:12)
    at Function.executeUserEntryPoint [as runMain] (node:internal/modules/run_main:81:12)
    at node:internal/main/run_main_module:23:47 {"date":"Tue Jan 23 2024 14:40:41 GMT+0530 (India Standard Time)","error":{"address":"::","code":"EADDRINUSE","errno":-98,"port":3000,"syscall":"listen"},"exception":true,"os":{"loadavg":[4.41,3.28,2.62],"uptime":12236.68},"process":{"argv":["node","/media/arnab/New Volume/JSproject/demo-project/src/index.js"],"cwd":"/media/arnab/New Volume/JSproject/demo-project","execPath":"/usr/bin/node","gid":1000,"memoryUsage":{"arrayBuffers":18709841,"external":21653946,"heapTotal":84639744,"heapUsed":52455824,"rss":144613376},"pid":19114,"uid":1000,"version":"v18.13.0"},"stack":"Error: listen EADDRINUSE: address already in use :::3000\n    at Server.setupListenHandle [as _listen2] (node:net:1727:16)\n    at listenInCluster (node:net:1775:12)\n    at Server.listen (node:net:1863:7)\n    at Function.listen (/media/arnab/New Volume/JSproject/demo-project/node_modules/express/lib/application.js:635:24)\n    at Object.<anonymous> (/media/arnab/New Volume/JSproject/demo-project/src/index.js:37:5)\n    at Module._compile (node:internal/modules/cjs/loader:1218:14)\n    at Module._compile (/media/arnab/New Volume/JSproject/demo-project/node_modules/pirates/lib/index.js:117:24)\n    at Module._extensions..js (node:internal/modules/cjs/loader:1272:10)\n    at Object.newLoader [as .js] (/media/arnab/New Volume/JSproject/demo-project/node_modules/pirates/lib/index.js:121:7)\n    at Module.load (node:internal/modules/cjs/loader:1081:32)\n    at Function.Module._load (node:internal/modules/cjs/loader:922:12)\n    at Function.runMain (node:internal/modules/run_main:81:12)\n    at Object.<anonymous> (/media/arnab/New Volume/JSproject/demo-project/node_modules/@babel/node/src/_babel-node.ts:222:12)\n    at Module._compile (node:internal/modules/cjs/loader:1218:14)\n    at Object.Module._extensions..js (node:internal/modules/cjs/loader:1272:10)\n    at Module.load (node:internal/modules/cjs/loader:1081:32)\n    at Function.Module._load (node:internal/modules/cjs/loader:922:12)\n    at Function.executeUserEntryPoint [as runMain] (node:internal/modules/run_main:81:12)\n    at node:internal/main/run_main_module:23:47","trace":[{"column":16,"file":"node:net","function":"Server.setupListenHandle [as _listen2]","line":1727,"method":"setupListenHandle [as _listen2]","native":false},{"column":12,"file":"node:net","function":"listenInCluster","line":1775,"method":null,"native":false},{"column":7,"file":"node:net","function":"Server.listen","line":1863,"method":"listen","native":false},{"column":24,"file":"/media/arnab/New Volume/JSproject/demo-project/node_modules/express/lib/application.js","function":"Function.listen","line":635,"method":"listen","native":false},{"column":5,"file":"/media/arnab/New Volume/JSproject/demo-project/src/index.js","function":null,"line":37,"method":null,"native":false},{"column":14,"file":"node:internal/modules/cjs/loader","function":"Module._compile","line":1218,"method":"_compile","native":false},{"column":24,"file":"/media/arnab/New Volume/JSproject/demo-project/node_modules/pirates/lib/index.js","function":"Module._compile","line":117,"method":"_compile","native":false},{"column":10,"file":"node:internal/modules/cjs/loader","function":"Module._extensions..js","line":1272,"method":".js","native":false},{"column":7,"file":"/media/arnab/New Volume/JSproject/demo-project/node_modules/pirates/lib/index.js","function":"Object.newLoader [as .js]","line":121,"method":"js]","native":false},{"column":32,"file":"node:internal/modules/cjs/loader","function":"Module.load","line":1081,"method":"load","native":false},{"column":12,"file":"node:internal/modules/cjs/loader","function":"Module._load","line":922,"method":"_load","native":false},{"column":12,"file":"node:internal/modules/run_main","function":"Function.runMain","line":81,"method":"runMain","native":false},{"column":12,"file":"/media/arnab/New Volume/JSproject/demo-project/node_modules/@babel/node/src/_babel-node.ts","function":null,"line":222,"method":null,"native":false},{"column":14,"file":"node:internal/modules/cjs/loader","function":"Module._compile","line":1218,"method":"_compile","native":false},{"column":10,"file":"node:internal/modules/cjs/loader","function":"Module._extensions..js","line":1272,"method":".js","native":false},{"column":32,"file":"node:internal/modules/cjs/loader","function":"Module.load","line":1081,"method":"load","native":false},{"column":12,"file":"node:internal/modules/cjs/loader","function":"Module._load","line":922,"method":"_load","native":false},{"column":12,"file":"node:internal/modules/run_main","function":"Function.executeUserEntryPoint [as runMain]","line":81,"method":"executeUserEntryPoint [as runMain]","native":false},{"column":47,"file":"node:internal/main/run_main_module","function":null,"line":23,"method":null,"native":false}]}
error: uncaughtException: listen EADDRINUSE: address already in use :::3000
Error: listen EADDRINUSE: address already in use :::3000
    at Server.setupListenHandle [as _listen2] (node:net:1727:16)
    at listenInCluster (node:net:1775:12)
    at Server.listen (node:net:1863:7)
    at Function.listen (/media/arnab/New Volume/JSproject/demo-project/node_modules/express/lib/application.js:635:24)
    at Object.<anonymous> (/media/arnab/New Volume/JSproject/demo-project/src/index.js:37:5)
    at Module._compile (node:internal/modules/cjs/loader:1218:14)
    at Module._compile (/media/arnab/New Volume/JSproject/demo-project/node_modules/pirates/lib/index.js:117:24)
    at Module._extensions..js (node:internal/modules/cjs/loader:1272:10)
    at Object.newLoader [as .js] (/media/arnab/New Volume/JSproject/demo-project/node_modules/pirates/lib/index.js:121:7)
    at Module.load (node:internal/modules/cjs/loader:1081:32)
    at Function.Module._load (node:internal/modules/cjs/loader:922:12)
    at Function.runMain (node:internal/modules/run_main:81:12)
    at Object.<anonymous> (/media/arnab/New Volume/JSproject/demo-project/node_modules/@babel/node/src/_babel-node.ts:222:12)
    at Module._compile (node:internal/modules/cjs/loader:1218:14)
    at Object.Module._extensions..js (node:internal/modules/cjs/loader:1272:10)
    at Module.load (node:internal/modules/cjs/loader:1081:32)
    at Function.Module._load (node:internal/modules/cjs/loader:922:12)
    at Function.executeUserEntryPoint [as runMain] (node:internal/modules/run_main:81:12)
    at node:internal/main/run_main_module:23:47 {"date":"Tue Jan 23 2024 14:42:27 GMT+0530 (India Standard Time)","error":{"address":"::","code":"EADDRINUSE","errno":-98,"port":3000,"syscall":"listen"},"exception":true,"os":{"loadavg":[3.96,3.5,2.77],"uptime":12342.94},"process":{"argv":["node","/media/arnab/New Volume/JSproject/demo-project/src/index.js"],"cwd":"/media/arnab/New Volume/JSproject/demo-project","execPath":"/usr/bin/node","gid":1000,"memoryUsage":{"arrayBuffers":18749730,"external":21693835,"heapTotal":85307392,"heapUsed":53375896,"rss":146149376},"pid":19631,"uid":1000,"version":"v18.13.0"},"stack":"Error: listen EADDRINUSE: address already in use :::3000\n    at Server.setupListenHandle [as _listen2] (node:net:1727:16)\n    at listenInCluster (node:net:1775:12)\n    at Server.listen (node:net:1863:7)\n    at Function.listen (/media/arnab/New Volume/JSproject/demo-project/node_modules/express/lib/application.js:635:24)\n    at Object.<anonymous> (/media/arnab/New Volume/JSproject/demo-project/src/index.js:37:5)\n    at Module._compile (node:internal/modules/cjs/loader:1218:14)\n    at Module._compile (/media/arnab/New Volume/JSproject/demo-project/node_modules/pirates/lib/index.js:117:24)\n    at Module._extensions..js (node:internal/modules/cjs/loader:1272:10)\n    at Object.newLoader [as .js] (/media/arnab/New Volume/JSproject/demo-project/node_modules/pirates/lib/index.js:121:7)\n    at Module.load (node:internal/modules/cjs/loader:1081:32)\n    at Function.Module._load (node:internal/modules/cjs/loader:922:12)\n    at Function.runMain (node:internal/modules/run_main:81:12)\n    at Object.<anonymous> (/media/arnab/New Volume/JSproject/demo-project/node_modules/@babel/node/src/_babel-node.ts:222:12)\n    at Module._compile (node:internal/modules/cjs/loader:1218:14)\n    at Object.Module._extensions..js (node:internal/modules/cjs/loader:1272:10)\n    at Module.load (node:internal/modules/cjs/loader:1081:32)\n    at Function.Module._load (node:internal/modules/cjs/loader:922:12)\n    at Function.executeUserEntryPoint [as runMain] (node:internal/modules/run_main:81:12)\n    at node:internal/main/run_main_module:23:47","trace":[{"column":16,"file":"node:net","function":"Server.setupListenHandle [as _listen2]","line":1727,"method":"setupListenHandle [as _listen2]","native":false},{"column":12,"file":"node:net","function":"listenInCluster","line":1775,"method":null,"native":false},{"column":7,"file":"node:net","function":"Server.listen","line":1863,"method":"listen","native":false},{"column":24,"file":"/media/arnab/New Volume/JSproject/demo-project/node_modules/express/lib/application.js","function":"Function.listen","line":635,"method":"listen","native":false},{"column":5,"file":"/media/arnab/New Volume/JSproject/demo-project/src/index.js","function":null,"line":37,"method":null,"native":false},{"column":14,"file":"node:internal/modules/cjs/loader","function":"Module._compile","line":1218,"method":"_compile","native":false},{"column":24,"file":"/media/arnab/New Volume/JSproject/demo-project/node_modules/pirates/lib/index.js","function":"Module._compile","line":117,"method":"_compile","native":false},{"column":10,"file":"node:internal/modules/cjs/loader","function":"Module._extensions..js","line":1272,"method":".js","native":false},{"column":7,"file":"/media/arnab/New Volume/JSproject/demo-project/node_modules/pirates/lib/index.js","function":"Object.newLoader [as .js]","line":121,"method":"js]","native":false},{"column":32,"file":"node:internal/modules/cjs/loader","function":"Module.load","line":1081,"method":"load","native":false},{"column":12,"file":"node:internal/modules/cjs/loader","function":"Module._load","line":922,"method":"_load","native":false},{"column":12,"file":"node:internal/modules/run_main","function":"Function.runMain","line":81,"method":"runMain","native":false},{"column":12,"file":"/media/arnab/New Volume/JSproject/demo-project/node_modules/@babel/node/src/_babel-node.ts","function":null,"line":222,"method":null,"native":false},{"column":14,"file":"node:internal/modules/cjs/loader","function":"Module._compile","line":1218,"method":"_compile","native":false},{"column":10,"file":"node:internal/modules/cjs/loader","function":"Module._extensions..js","line":1272,"method":".js","native":false},{"column":32,"file":"node:internal/modules/cjs/loader","function":"Module.load","line":1081,"method":"load","native":false},{"column":12,"file":"node:internal/modules/cjs/loader","function":"Module._load","line":922,"method":"_load","native":false},{"column":12,"file":"node:internal/modules/run_main","function":"Function.executeUserEntryPoint [as runMain]","line":81,"method":"executeUserEntryPoint [as runMain]","native":false},{"column":47,"file":"node:internal/main/run_main_module","function":null,"line":23,"method":null,"native":false}]}
info: ::1 - - [23/Jan/2024:09:13:30 +0000] "GET /api/v1/ HTTP/1.1" 200 9 "-" "PostmanRuntime/7.34.0"

info: ::1 - - [23/Jan/2024:09:21:53 +0000] "GET /api/v1/ HTTP/1.1" 404 47 "-" "PostmanRuntime/7.34.0"

info: ::1 - - [23/Jan/2024:09:34:24 +0000] "GET /api/v1/ HTTP/1.1" 404 47 "-" "Mozilla/5.0 (X11; Linux x86_64) AppleWebKit/537.36 (KHTML, like Gecko) Chrome/120.0.0.0 Safari/537.36"

info: ::1 - - [23/Jan/2024:09:34:24 +0000] "GET /favicon.ico HTTP/1.1" 404 47 "-" "Mozilla/5.0 (X11; Linux x86_64) AppleWebKit/537.36 (KHTML, like Gecko) Chrome/120.0.0.0 Safari/537.36"

info: ::1 - - [23/Jan/2024:09:34:39 +0000] "GET /api/v1/ HTTP/1.1" 200 9 "-" "Mozilla/5.0 (X11; Linux x86_64) AppleWebKit/537.36 (KHTML, like Gecko) Chrome/120.0.0.0 Safari/537.36"

info: ::1 - - [23/Jan/2024:09:37:20 +0000] "GET /api/v1/ HTTP/1.1" 200 9 "-" "PostmanRuntime/7.34.0"

info: ::1 - - [23/Jan/2024:09:44:04 +0000] "GET /api/v1/users HTTP/1.1" 500 93 "-" "PostmanRuntime/7.34.0"

info: ::1 - - [23/Jan/2024:09:48:31 +0000] "GET /api/v1/users/a;;data HTTP/1.1" 404 47 "-" "PostmanRuntime/7.34.0"

info: ::1 - - [23/Jan/2024:09:48:46 +0000] "GET /api/v1/users/alldata HTTP/1.1" 500 93 "-" "PostmanRuntime/7.34.0"

info: ::1 - - [23/Jan/2024:10:02:07 +0000] "GET /api/v1/ HTTP/1.1" 304 - "-" "Mozilla/5.0 (X11; Linux x86_64) AppleWebKit/537.36 (KHTML, like Gecko) Chrome/120.0.0.0 Safari/537.36"

